  Sandbox.cpp
c:\users\ozpl\desktop\projekty paip\zadania\visual studio\sandbox\sandbox\sandbox.cpp(20): error C2143: błąd składniowy: brakuje „;” przed „}”
c:\users\ozpl\desktop\projekty paip\zadania\visual studio\sandbox\sandbox\sandbox.cpp(26): error C2208: "main::urodzony": brak członków zdefiniowanych przy użyciu tego typu
c:\users\ozpl\desktop\projekty paip\zadania\visual studio\sandbox\sandbox\sandbox.cpp(29): error C2078: zbyt wiele inicjatorów
c:\users\ozpl\desktop\projekty paip\zadania\visual studio\sandbox\sandbox\sandbox.cpp(30): error C2078: zbyt wiele inicjatorów
c:\users\ozpl\desktop\projekty paip\zadania\visual studio\sandbox\sandbox\sandbox.cpp(31): error C2078: zbyt wiele inicjatorów
c:\users\ozpl\desktop\projekty paip\zadania\visual studio\sandbox\sandbox\sandbox.cpp(51): error C2039: "dzien": nie jest elementem członkowskim "main::debil"
  c:\users\ozpl\desktop\projekty paip\zadania\visual studio\sandbox\sandbox\sandbox.cpp(23): note: zobacz deklarację „main::debil”
c:\users\ozpl\desktop\projekty paip\zadania\visual studio\sandbox\sandbox\sandbox.cpp(51): error C2039: "miesiac": nie jest elementem członkowskim "main::debil"
  c:\users\ozpl\desktop\projekty paip\zadania\visual studio\sandbox\sandbox\sandbox.cpp(23): note: zobacz deklarację „main::debil”
c:\users\ozpl\desktop\projekty paip\zadania\visual studio\sandbox\sandbox\sandbox.cpp(52): error C2039: "dzien": nie jest elementem członkowskim "main::debil"
  c:\users\ozpl\desktop\projekty paip\zadania\visual studio\sandbox\sandbox\sandbox.cpp(23): note: zobacz deklarację „main::debil”
c:\users\ozpl\desktop\projekty paip\zadania\visual studio\sandbox\sandbox\sandbox.cpp(52): error C2039: "miesiac": nie jest elementem członkowskim "main::debil"
  c:\users\ozpl\desktop\projekty paip\zadania\visual studio\sandbox\sandbox\sandbox.cpp(23): note: zobacz deklarację „main::debil”
c:\users\ozpl\desktop\projekty paip\zadania\visual studio\sandbox\sandbox\sandbox.cpp(53): error C2039: "dzien": nie jest elementem członkowskim "main::debil"
  c:\users\ozpl\desktop\projekty paip\zadania\visual studio\sandbox\sandbox\sandbox.cpp(23): note: zobacz deklarację „main::debil”
c:\users\ozpl\desktop\projekty paip\zadania\visual studio\sandbox\sandbox\sandbox.cpp(53): error C2039: "miesiac": nie jest elementem członkowskim "main::debil"
  c:\users\ozpl\desktop\projekty paip\zadania\visual studio\sandbox\sandbox\sandbox.cpp(23): note: zobacz deklarację „main::debil”
c:\users\ozpl\desktop\projekty paip\zadania\visual studio\sandbox\sandbox\sandbox.cpp(51): warning C4473: „printf”: przekazano niewystarczającą liczbę argumentów dla ciągu formatowania
  c:\users\ozpl\desktop\projekty paip\zadania\visual studio\sandbox\sandbox\sandbox.cpp(51): note: symbole zastępcze i ich parametry oczekują 2 argumentów ze zmienną liczbą argumentów, ale podano następującą liczbę zmiennych argumentów: 0
  c:\users\ozpl\desktop\projekty paip\zadania\visual studio\sandbox\sandbox\sandbox.cpp(51): note: brakujący argument 1 o zmiennej liczbie parametrów jest wymagany w ciągu formatu „%i”
c:\users\ozpl\desktop\projekty paip\zadania\visual studio\sandbox\sandbox\sandbox.cpp(52): warning C4473: „printf”: przekazano niewystarczającą liczbę argumentów dla ciągu formatowania
  c:\users\ozpl\desktop\projekty paip\zadania\visual studio\sandbox\sandbox\sandbox.cpp(52): note: symbole zastępcze i ich parametry oczekują 2 argumentów ze zmienną liczbą argumentów, ale podano następującą liczbę zmiennych argumentów: 0
  c:\users\ozpl\desktop\projekty paip\zadania\visual studio\sandbox\sandbox\sandbox.cpp(52): note: brakujący argument 1 o zmiennej liczbie parametrów jest wymagany w ciągu formatu „%i”
c:\users\ozpl\desktop\projekty paip\zadania\visual studio\sandbox\sandbox\sandbox.cpp(53): warning C4473: „printf”: przekazano niewystarczającą liczbę argumentów dla ciągu formatowania
  c:\users\ozpl\desktop\projekty paip\zadania\visual studio\sandbox\sandbox\sandbox.cpp(53): note: symbole zastępcze i ich parametry oczekują 2 argumentów ze zmienną liczbą argumentów, ale podano następującą liczbę zmiennych argumentów: 0
  c:\users\ozpl\desktop\projekty paip\zadania\visual studio\sandbox\sandbox\sandbox.cpp(53): note: brakujący argument 1 o zmiennej liczbie parametrów jest wymagany w ciągu formatu „%i”
